[debug] [2020-11-14T10:15:46.149Z] ----------------------------------------------------------------------
[debug] [2020-11-14T10:15:46.151Z] Command:       /home/jishnuj/Applications/node/bin/node /home/jishnuj/Applications/node/bin/firebase init
[debug] [2020-11-14T10:15:46.152Z] CLI Version:   8.16.2
[debug] [2020-11-14T10:15:46.152Z] Platform:      linux
[debug] [2020-11-14T10:15:46.152Z] Node Version:  v12.19.0
[debug] [2020-11-14T10:15:46.153Z] Time:          Sat Nov 14 2020 15:45:46 GMT+0530 (India Standard Time)
[debug] [2020-11-14T10:15:46.153Z] ----------------------------------------------------------------------
[debug] [2020-11-14T10:15:46.153Z] 
[debug] [2020-11-14T10:15:46.158Z] > command requires scopes: ["email","openid","https://www.googleapis.com/auth/cloudplatformprojects.readonly","https://www.googleapis.com/auth/firebase","https://www.googleapis.com/auth/cloud-platform"]
[debug] [2020-11-14T10:15:46.159Z] > authorizing via signed-in user
[info] 
     ######## #### ########  ######## ########     ###     ######  ########
     ##        ##  ##     ## ##       ##     ##  ##   ##  ##       ##
     ######    ##  ########  ######   ########  #########  ######  ######
     ##        ##  ##    ##  ##       ##     ## ##     ##       ## ##
     ##       #### ##     ## ######## ########  ##     ##  ######  ########

You're about to initialize a Firebase project in this directory:

  /home/jishnuj/Downloads/GatsbyProfitolio/gatsby-simplefolio-master/public

[info] 
=== Project Setup
[info] 
[info] First, let's associate this project directory with a Firebase project.
[info] You can create multiple project aliases by running firebase use --add, 
[info] but for now we'll just set up a default project.
[info] 
[info] i  If you want to create a project in a Google Cloud organization or folder, please use "firebase projects:create" instead, and return to this command when you've created the project. 
[debug] [2020-11-14T10:16:14.193Z] >>> HTTP REQUEST POST https://cloudresourcemanager.googleapis.com/v1/projects  
 {"projectId":"gatsbyfolio","name":"gatsbyfolio"}
[debug] [2020-11-14T10:16:15.881Z] <<< HTTP RESPONSE 409 {"vary":"X-Origin, Referer, Origin,Accept-Encoding","content-type":"application/json; charset=UTF-8","date":"Sat, 14 Nov 2020 10:16:15 GMT","server":"ESF","cache-control":"private","x-xss-protection":"0","x-frame-options":"SAMEORIGIN","x-content-type-options":"nosniff","server-timing":"gfet4t7; dur=1232","alt-svc":"h3-Q050=\":443\"; ma=2592000,h3-29=\":443\"; ma=2592000,h3-T051=\":443\"; ma=2592000,h3-Q046=\":443\"; ma=2592000,h3-Q043=\":443\"; ma=2592000,quic=\":443\"; ma=2592000; v=\"46,43\"","accept-ranges":"none","transfer-encoding":"chunked"}
[debug] [2020-11-14T10:16:15.882Z] <<< HTTP RESPONSE BODY {"error":{"code":409,"message":"Requested entity already exists","status":"ALREADY_EXISTS"}}
[debug] [2020-11-14T10:16:15.891Z] FirebaseError: HTTP Error: 409, Requested entity already exists
    at module.exports (/home/jishnuj/Applications/node/lib/node_modules/firebase-tools/lib/responseToError.js:38:12)
    at Request._callback (/home/jishnuj/Applications/node/lib/node_modules/firebase-tools/lib/api.js:41:35)
    at Request.self.callback (/home/jishnuj/Applications/node/lib/node_modules/firebase-tools/node_modules/request/request.js:185:22)
    at Request.emit (events.js:314:20)
    at Request.EventEmitter.emit (domain.js:483:12)
    at Request.<anonymous> (/home/jishnuj/Applications/node/lib/node_modules/firebase-tools/node_modules/request/request.js:1154:10)
    at Request.emit (events.js:314:20)
    at Request.EventEmitter.emit (domain.js:483:12)
    at IncomingMessage.<anonymous> (/home/jishnuj/Applications/node/lib/node_modules/firebase-tools/node_modules/request/request.js:1076:12)
    at Object.onceWrapper (events.js:420:28)
    at IncomingMessage.emit (events.js:326:22)
    at IncomingMessage.EventEmitter.emit (domain.js:483:12)
    at endReadableNT (_stream_readable.js:1223:12)
    at processTicksAndRejections (internal/process/task_queues.js:84:21)
[error] 
[error] Error: Failed to create project because there is already a project with ID gatsbyfolio. Please try again with a unique project ID.
[debug] [2020-11-14T10:16:24.949Z] ----------------------------------------------------------------------
[debug] [2020-11-14T10:16:24.952Z] Command:       /home/jishnuj/Applications/node/bin/node /home/jishnuj/Applications/node/bin/firebase init
[debug] [2020-11-14T10:16:24.952Z] CLI Version:   8.16.2
[debug] [2020-11-14T10:16:24.952Z] Platform:      linux
[debug] [2020-11-14T10:16:24.952Z] Node Version:  v12.19.0
[debug] [2020-11-14T10:16:24.953Z] Time:          Sat Nov 14 2020 15:46:24 GMT+0530 (India Standard Time)
[debug] [2020-11-14T10:16:24.953Z] ----------------------------------------------------------------------
[debug] [2020-11-14T10:16:24.953Z] 
[debug] [2020-11-14T10:16:24.958Z] > command requires scopes: ["email","openid","https://www.googleapis.com/auth/cloudplatformprojects.readonly","https://www.googleapis.com/auth/firebase","https://www.googleapis.com/auth/cloud-platform"]
[debug] [2020-11-14T10:16:24.959Z] > authorizing via signed-in user
[info] 
     ######## #### ########  ######## ########     ###     ######  ########
     ##        ##  ##     ## ##       ##     ##  ##   ##  ##       ##
     ######    ##  ########  ######   ########  #########  ######  ######
     ##        ##  ##    ##  ##       ##     ## ##     ##       ## ##
     ##       #### ##     ## ######## ########  ##     ##  ######  ########

You're about to initialize a Firebase project in this directory:

  /home/jishnuj/Downloads/GatsbyProfitolio/gatsby-simplefolio-master/public

[info] 
=== Project Setup
[info] 
[info] First, let's associate this project directory with a Firebase project.
[info] You can create multiple project aliases by running firebase use --add, 
[info] but for now we'll just set up a default project.
[info] 
[info] i  If you want to create a project in a Google Cloud organization or folder, please use "firebase projects:create" instead, and return to this command when you've created the project. 
[debug] [2020-11-14T10:17:06.773Z] >>> HTTP REQUEST POST https://cloudresourcemanager.googleapis.com/v1/projects  
 {"projectId":"foliogatsby","name":"foliogatsby"}
[debug] [2020-11-14T10:17:08.560Z] <<< HTTP RESPONSE 200 {"content-type":"application/json; charset=UTF-8","vary":"X-Origin, Referer, Origin,Accept-Encoding","date":"Sat, 14 Nov 2020 10:17:08 GMT","server":"ESF","cache-control":"private","x-xss-protection":"0","x-frame-options":"SAMEORIGIN","x-content-type-options":"nosniff","server-timing":"gfet4t7; dur=1460","alt-svc":"h3-Q050=\":443\"; ma=2592000,h3-29=\":443\"; ma=2592000,h3-T051=\":443\"; ma=2592000,h3-Q046=\":443\"; ma=2592000,h3-Q043=\":443\"; ma=2592000,quic=\":443\"; ma=2592000; v=\"46,43\"","accept-ranges":"none","transfer-encoding":"chunked"}
[debug] [2020-11-14T10:17:08.563Z] > refreshing access token with scopes: []
[debug] [2020-11-14T10:17:08.563Z] >>> HTTP REQUEST POST https://www.googleapis.com/oauth2/v3/token  
 <request body omitted>
[debug] [2020-11-14T10:17:08.917Z] <<< HTTP RESPONSE 200 {"date":"Sat, 14 Nov 2020 10:17:08 GMT","pragma":"no-cache","cache-control":"no-cache, no-store, max-age=0, must-revalidate","expires":"Mon, 01 Jan 1990 00:00:00 GMT","content-type":"application/json; charset=utf-8","vary":"X-Origin, Referer, Origin,Accept-Encoding","server":"scaffolding on HTTPServer2","x-xss-protection":"0","x-frame-options":"SAMEORIGIN","x-content-type-options":"nosniff","alt-svc":"h3-Q050=\":443\"; ma=2592000,h3-29=\":443\"; ma=2592000,h3-T051=\":443\"; ma=2592000,h3-Q046=\":443\"; ma=2592000,h3-Q043=\":443\"; ma=2592000,quic=\":443\"; ma=2592000; v=\"46,43\"","accept-ranges":"none","transfer-encoding":"chunked"}
[debug] [2020-11-14T10:17:09.055Z] >>> [apiv2][query] GET https://cloudresourcemanager.googleapis.com/v1/operations/cp.7182938408938620945 [none]
[debug] [2020-11-14T10:17:10.923Z] <<< [apiv2][status] GET https://cloudresourcemanager.googleapis.com/v1/operations/cp.7182938408938620945 200
[debug] [2020-11-14T10:17:10.924Z] <<< [apiv2][body] GET https://cloudresourcemanager.googleapis.com/v1/operations/cp.7182938408938620945 {"name":"operations/cp.7182938408938620945","metadata":{"@type":"type.googleapis.com/google.cloudresourcemanager.v1.ProjectCreationStatus","gettable":true}}
[debug] [2020-11-14T10:17:11.425Z] [Project Creation Poller] Retrying task index 0
[debug] [2020-11-14T10:17:11.426Z] >>> [apiv2][query] GET https://cloudresourcemanager.googleapis.com/v1/operations/cp.7182938408938620945 [none]
[debug] [2020-11-14T10:17:13.125Z] <<< [apiv2][status] GET https://cloudresourcemanager.googleapis.com/v1/operations/cp.7182938408938620945 200
[debug] [2020-11-14T10:17:13.125Z] <<< [apiv2][body] GET https://cloudresourcemanager.googleapis.com/v1/operations/cp.7182938408938620945 {"name":"operations/cp.7182938408938620945","metadata":{"@type":"type.googleapis.com/google.cloudresourcemanager.v1.ProjectCreationStatus","gettable":true,"ready":true},"done":true,"response":{"@type":"type.googleapis.com/google.cloudresourcemanager.v1.Project","projectNumber":"219019960851","projectId":"foliogatsby","lifecycleState":"ACTIVE","name":"foliogatsby","createTime":"2020-11-14T10:17:08.203Z"}}
[debug] [2020-11-14T10:17:13.128Z] > refreshing access token with scopes: ["email","https://www.googleapis.com/auth/cloud-platform","https://www.googleapis.com/auth/cloudplatformprojects.readonly","https://www.googleapis.com/auth/firebase","openid"]
[debug] [2020-11-14T10:17:13.129Z] >>> HTTP REQUEST POST https://www.googleapis.com/oauth2/v3/token  
 <request body omitted>
[debug] [2020-11-14T10:17:13.485Z] <<< HTTP RESPONSE 200 {"date":"Sat, 14 Nov 2020 10:17:13 GMT","expires":"Mon, 01 Jan 1990 00:00:00 GMT","cache-control":"no-cache, no-store, max-age=0, must-revalidate","pragma":"no-cache","content-type":"application/json; charset=utf-8","vary":"X-Origin, Referer, Origin,Accept-Encoding","server":"scaffolding on HTTPServer2","x-xss-protection":"0","x-frame-options":"SAMEORIGIN","x-content-type-options":"nosniff","alt-svc":"h3-Q050=\":443\"; ma=2592000,h3-29=\":443\"; ma=2592000,h3-T051=\":443\"; ma=2592000,h3-Q046=\":443\"; ma=2592000,h3-Q043=\":443\"; ma=2592000,quic=\":443\"; ma=2592000; v=\"46,43\"","accept-ranges":"none","transfer-encoding":"chunked"}
[debug] [2020-11-14T10:17:13.606Z] >>> HTTP REQUEST POST https://firebase.googleapis.com/v1beta1/projects/foliogatsby:addFirebase  
 
[debug] [2020-11-14T10:17:14.844Z] <<< HTTP RESPONSE 403 {"vary":"X-Origin, Referer, Origin,Accept-Encoding","content-type":"application/json; charset=UTF-8","date":"Sat, 14 Nov 2020 10:17:14 GMT","server":"ESF","cache-control":"private","x-xss-protection":"0","x-frame-options":"SAMEORIGIN","x-content-type-options":"nosniff","alt-svc":"h3-Q050=\":443\"; ma=2592000,h3-29=\":443\"; ma=2592000,h3-T051=\":443\"; ma=2592000,h3-Q046=\":443\"; ma=2592000,h3-Q043=\":443\"; ma=2592000,quic=\":443\"; ma=2592000; v=\"46,43\"","accept-ranges":"none","transfer-encoding":"chunked"}
[debug] [2020-11-14T10:17:14.844Z] <<< HTTP RESPONSE BODY {"error":{"code":403,"message":"The caller does not have permission","status":"PERMISSION_DENIED"}}
[debug] [2020-11-14T10:17:14.847Z] HTTP Error: 403, The caller does not have permission
[debug] [2020-11-14T10:17:14.852Z] FirebaseError: HTTP Error: 403, The caller does not have permission
    at module.exports (/home/jishnuj/Applications/node/lib/node_modules/firebase-tools/lib/responseToError.js:38:12)
    at Request._callback (/home/jishnuj/Applications/node/lib/node_modules/firebase-tools/lib/api.js:41:35)
    at Request.self.callback (/home/jishnuj/Applications/node/lib/node_modules/firebase-tools/node_modules/request/request.js:185:22)
    at Request.emit (events.js:314:20)
    at Request.EventEmitter.emit (domain.js:483:12)
    at Request.<anonymous> (/home/jishnuj/Applications/node/lib/node_modules/firebase-tools/node_modules/request/request.js:1154:10)
    at Request.emit (events.js:314:20)
    at Request.EventEmitter.emit (domain.js:483:12)
    at IncomingMessage.<anonymous> (/home/jishnuj/Applications/node/lib/node_modules/firebase-tools/node_modules/request/request.js:1076:12)
    at Object.onceWrapper (events.js:420:28)
    at IncomingMessage.emit (events.js:326:22)
    at IncomingMessage.EventEmitter.emit (domain.js:483:12)
    at endReadableNT (_stream_readable.js:1223:12)
    at processTicksAndRejections (internal/process/task_queues.js:84:21)
[error] 
[error] Error: Failed to add Firebase to Google Cloud Platform project. See firebase-debug.log for more info.
